2018/03/26 09:43:48  Project name <PorkShop> : Module name <> :Routine name <> : Local error message <> : System error message <Item cannot be found in the collection corresponding to the requested name or ordinal.>
2018/03/26 09:43:49  Project name <PorkShop> : Module name <> :Routine name <> : Local error message <> : System error message <Item cannot be found in the collection corresponding to the requested name or ordinal.>
2018/03/26 09:43:50  Project name <PorkShop> : Module name <> :Routine name <> : Local error message <> : System error message <Item cannot be found in the collection corresponding to the requested name or ordinal.>
2018/03/26 09:43:52  Project name <PorkShop> : Module name <> :Routine name <> : Local error message <> : System error message <Item cannot be found in the collection corresponding to the requested name or ordinal.>
2018/03/26 09:43:53  Project name <PorkShop> : Module name <> :Routine name <> : Local error message <> : System error message <Item cannot be found in the collection corresponding to the requested name or ordinal.>
2018/03/26 09:44:36  Project name <PorkShop> : Module name <> :Routine name <> : Local error message <> : System error message <Item cannot be found in the collection corresponding to the requested name or ordinal.>
2018/03/26 09:44:37  Project name <PorkShop> : Module name <> :Routine name <> : Local error message <> : System error message <Item cannot be found in the collection corresponding to the requested name or ordinal.>
2018/03/26 09:44:38  Project name <PorkShop> : Module name <> :Routine name <> : Local error message <> : System error message <Item cannot be found in the collection corresponding to the requested name or ordinal.>
2018/03/26 09:44:41  Project name <PorkShop> : Module name <> :Routine name <> : Local error message <> : System error message <Item cannot be found in the collection corresponding to the requested name or ordinal.>
2018/03/26 09:44:42  Project name <PorkShop> : Module name <> :Routine name <> : Local error message <> : System error message <Item cannot be found in the collection corresponding to the requested name or ordinal.>
2018/03/26 09:44:52  Project name <PorkShop> : Module name <> :Routine name <> : Local error message <> : System error message <Item cannot be found in the collection corresponding to the requested name or ordinal.>
2018/03/26 09:44:54  Project name <PorkShop> : Module name <> :Routine name <> : Local error message <> : System error message <Item cannot be found in the collection corresponding to the requested name or ordinal.>
2018/03/26 09:44:56  Project name <PorkShop> : Module name <> :Routine name <> : Local error message <> : System error message <Item cannot be found in the collection corresponding to the requested name or ordinal.>
2018/03/26 09:45:32  Project name <PorkShop> : Module name <> :Routine name <> : Local error message <> : System error message <Item cannot be found in the collection corresponding to the requested name or ordinal.>
2018/03/26 09:45:33  Project name <PorkShop> : Module name <> :Routine name <> : Local error message <> : System error message <Item cannot be found in the collection corresponding to the requested name or ordinal.>
2018/03/26 09:47:15  Project name <PorkShop> : Module name <> :Routine name <> : Local error message <> : System error message <Item cannot be found in the collection corresponding to the requested name or ordinal.>
2018/03/26 09:47:27  Project name <PorkShop> : Module name <> :Routine name <> : Local error message <> : System error message <Item cannot be found in the collection corresponding to the requested name or ordinal.>
2018/03/26 09:47:58  Project name <PorkShop> : Module name <> :Routine name <> : Local error message <> : System error message <Item cannot be found in the collection corresponding to the requested name or ordinal.>
2018/03/26 09:47:58  Project name <PorkShop> : Module name <> :Routine name <> : Local error message <> : System error message <Item cannot be found in the collection corresponding to the requested name or ordinal.>
2018/03/26 09:47:59  Project name <PorkShop> : Module name <> :Routine name <> : Local error message <> : System error message <Item cannot be found in the collection corresponding to the requested name or ordinal.>
2018/03/26 09:48:01  Project name <PorkShop> : Module name <> :Routine name <> : Local error message <> : System error message <Item cannot be found in the collection corresponding to the requested name or ordinal.>
2018/03/26 09:48:02  Project name <PorkShop> : Module name <> :Routine name <> : Local error message <> : System error message <Item cannot be found in the collection corresponding to the requested name or ordinal.>
2018/03/26 09:48:07  Project name <PorkShop> : Module name <> :Routine name <> : Local error message <> : System error message <Item cannot be found in the collection corresponding to the requested name or ordinal.>
2018/03/26 09:48:07  Project name <PorkShop> : Module name <> :Routine name <> : Local error message <> : System error message <Item cannot be found in the collection corresponding to the requested name or ordinal.>
2018/03/26 09:48:08  Project name <PorkShop> : Module name <> :Routine name <> : Local error message <> : System error message <Item cannot be found in the collection corresponding to the requested name or ordinal.>
2018/03/26 09:48:10  Project name <PorkShop> : Module name <> :Routine name <> : Local error message <> : System error message <Item cannot be found in the collection corresponding to the requested name or ordinal.>
2018/03/26 09:48:11  Project name <PorkShop> : Module name <> :Routine name <> : Local error message <> : System error message <Item cannot be found in the collection corresponding to the requested name or ordinal.>
2018/03/26 09:48:14  Project name <PorkShop> : Module name <> :Routine name <> : Local error message <> : System error message <Item cannot be found in the collection corresponding to the requested name or ordinal.>
2018/03/26 09:48:14  Project name <PorkShop> : Module name <> :Routine name <> : Local error message <> : System error message <Item cannot be found in the collection corresponding to the requested name or ordinal.>
2018/03/26 09:48:15  Project name <PorkShop> : Module name <> :Routine name <> : Local error message <> : System error message <Item cannot be found in the collection corresponding to the requested name or ordinal.>
2018/03/26 09:48:17  Project name <PorkShop> : Module name <> :Routine name <> : Local error message <> : System error message <Item cannot be found in the collection corresponding to the requested name or ordinal.>
2018/03/26 09:48:18  Project name <PorkShop> : Module name <> :Routine name <> : Local error message <> : System error message <Item cannot be found in the collection corresponding to the requested name or ordinal.>
2018/03/26 09:48:23  Project name <PorkShop> : Module name <> :Routine name <> : Local error message <> : System error message <Item cannot be found in the collection corresponding to the requested name or ordinal.>
2018/03/26 09:48:23  Project name <PorkShop> : Module name <> :Routine name <> : Local error message <> : System error message <Item cannot be found in the collection corresponding to the requested name or ordinal.>
2018/03/26 09:48:24  Project name <PorkShop> : Module name <> :Routine name <> : Local error message <> : System error message <Item cannot be found in the collection corresponding to the requested name or ordinal.>
2018/03/26 09:48:27  Project name <PorkShop> : Module name <> :Routine name <> : Local error message <> : System error message <Item cannot be found in the collection corresponding to the requested name or ordinal.>
2018/03/26 09:48:27  Project name <PorkShop> : Module name <> :Routine name <> : Local error message <> : System error message <Item cannot be found in the collection corresponding to the requested name or ordinal.>
2018/03/26 09:49:04  Project name <PorkShop> : Module name <> :Routine name <> : Local error message <> : System error message <Item cannot be found in the collection corresponding to the requested name or ordinal.>
2018/03/31 23:24:29  Project name <PorkShop> : Module name <clsDatabaseMngr> :Routine name <GetRs> : Local error message <Run time error. Can't get record set. SQL1 -> SELECT NM.*, APM.APAR_CODE,APM.APAR_NAME, APM.TAX_ID ,EM.EMP_CODE SALE_CODE,EM.EMP_NAME SALE_NAME ,MR3.KEY_NAME DOCUMENT_SUB_TYPE_NAME ,MR4.KEY_NAME DOCUMENT_RETURN_NAME FROM BILLING_DOC NM LEFT OUTER JOIN APAR_MAS APM ON (NM.APAR_MAS_ID = APM.APAR_MAS_ID ) LEFT OUTER JOIN EMPLOYEE EM ON (NM.SALE_BY = EM.EMP_ID ) LEFT OUTER JOIN MASTER_REF MR3 ON (NM.DOCUMENT_SUB_TYPE = MR3.KEY_ID) WHERE  (NM.DOCUMENT_TYPE = 2) 
AND  (APM.APAR_IND = 1) 
AND  (NM.DOCUMENT_DATE >= '2018-03-31 00:00:00')AND  (NM.DOCUMENT_DATE <= '2018-03-31 23:59:59')AND  (NM.CANCEL_FLAG = 'N')ORDER BY NM.DOCUMENT_NO  DESC  SQL2 -> SELECT COUNT(*) FROM BILLING_DOC NM LEFT OUTER JOIN APAR_MAS APM ON (NM.APAR_MAS_ID = APM.APAR_MAS_ID ) LEFT OUTER JOIN EMPLOYEE EM ON (NM.SALE_BY = EM.EMP_ID ) LEFT OUTER JOIN MASTER_REF MR3 ON (NM.DOCUMENT_SUB_TYPE = MR3.KEY_ID) WHERE  (NM.DOCUMENT_TYPE = 2) 
AND  (APM.APAR_IND = 1) 
AND  (NM.DOCUMENT_DATE >= '2018-03-31 00:00:00')AND  (NM.DOCUMENT_DATE <= '2018-03-31 23:59:59')AND  (NM.CANCEL_FLAG = 'N')> : System error message <Prepare:
SQLCODE=-206:
Dynamic SQL Error
SQL error code = -206
Column unknown
MR4.KEY_NAME
At line 1, column 141
IBCODE=isc_dsql_error
>
2018/03/31 23:24:44  Project name <PorkShop> : Module name <clsDatabaseMngr> :Routine name <GetRs> : Local error message <Run time error. Can't get record set. SQL1 -> SELECT NM.*, APM.APAR_CODE,APM.APAR_NAME, APM.TAX_ID ,EM.EMP_CODE SALE_CODE,EM.EMP_NAME SALE_NAME ,MR3.KEY_NAME DOCUMENT_SUB_TYPE_NAME ,MR4.KEY_NAME DOCUMENT_RETURN_NAME FROM BILLING_DOC NM LEFT OUTER JOIN APAR_MAS APM ON (NM.APAR_MAS_ID = APM.APAR_MAS_ID ) LEFT OUTER JOIN EMPLOYEE EM ON (NM.SALE_BY = EM.EMP_ID ) LEFT OUTER JOIN MASTER_REF MR3 ON (NM.DOCUMENT_SUB_TYPE = MR3.KEY_ID) WHERE  (NM.DOCUMENT_TYPE = 3) 
AND  (APM.APAR_IND = 1) 
AND  (NM.DOCUMENT_DATE >= '2018-03-31 00:00:00')AND  (NM.DOCUMENT_DATE <= '2018-03-31 23:59:59')AND  (NM.CANCEL_FLAG = 'N')ORDER BY NM.DOCUMENT_NO  DESC  SQL2 -> SELECT COUNT(*) FROM BILLING_DOC NM LEFT OUTER JOIN APAR_MAS APM ON (NM.APAR_MAS_ID = APM.APAR_MAS_ID ) LEFT OUTER JOIN EMPLOYEE EM ON (NM.SALE_BY = EM.EMP_ID ) LEFT OUTER JOIN MASTER_REF MR3 ON (NM.DOCUMENT_SUB_TYPE = MR3.KEY_ID) WHERE  (NM.DOCUMENT_TYPE = 3) 
AND  (APM.APAR_IND = 1) 
AND  (NM.DOCUMENT_DATE >= '2018-03-31 00:00:00')AND  (NM.DOCUMENT_DATE <= '2018-03-31 23:59:59')AND  (NM.CANCEL_FLAG = 'N')> : System error message <Prepare:
SQLCODE=-206:
Dynamic SQL Error
SQL error code = -206
Column unknown
MR4.KEY_NAME
At line 1, column 141
IBCODE=isc_dsql_error
>
2018/03/31 23:24:52  Project name <PorkShop> : Module name <clsDatabaseMngr> :Routine name <GetRs> : Local error message <Run time error. Can't get record set. SQL1 -> SELECT NM.*, APM.APAR_CODE,APM.APAR_NAME, APM.TAX_ID ,EM.EMP_CODE SALE_CODE,EM.EMP_NAME SALE_NAME ,MR3.KEY_NAME DOCUMENT_SUB_TYPE_NAME ,MR4.KEY_NAME DOCUMENT_RETURN_NAME FROM BILLING_DOC NM LEFT OUTER JOIN APAR_MAS APM ON (NM.APAR_MAS_ID = APM.APAR_MAS_ID ) LEFT OUTER JOIN EMPLOYEE EM ON (NM.SALE_BY = EM.EMP_ID ) LEFT OUTER JOIN MASTER_REF MR3 ON (NM.DOCUMENT_SUB_TYPE = MR3.KEY_ID) WHERE  (NM.DOCUMENT_TYPE = 2) 
AND  (APM.APAR_IND = 1) 
AND  (NM.DOCUMENT_DATE >= '2018-03-31 00:00:00')AND  (NM.DOCUMENT_DATE <= '2018-03-31 23:59:59')AND  (NM.CANCEL_FLAG = 'N')ORDER BY NM.DOCUMENT_NO  DESC  SQL2 -> SELECT COUNT(*) FROM BILLING_DOC NM LEFT OUTER JOIN APAR_MAS APM ON (NM.APAR_MAS_ID = APM.APAR_MAS_ID ) LEFT OUTER JOIN EMPLOYEE EM ON (NM.SALE_BY = EM.EMP_ID ) LEFT OUTER JOIN MASTER_REF MR3 ON (NM.DOCUMENT_SUB_TYPE = MR3.KEY_ID) WHERE  (NM.DOCUMENT_TYPE = 2) 
AND  (APM.APAR_IND = 1) 
AND  (NM.DOCUMENT_DATE >= '2018-03-31 00:00:00')AND  (NM.DOCUMENT_DATE <= '2018-03-31 23:59:59')AND  (NM.CANCEL_FLAG = 'N')> : System error message <Prepare:
SQLCODE=-206:
Dynamic SQL Error
SQL error code = -206
Column unknown
MR4.KEY_NAME
At line 1, column 141
IBCODE=isc_dsql_error
>
2018/03/31 23:25:18  Project name <PorkShop> : Module name <clsDatabaseMngr> :Routine name <GetRs> : Local error message <Run time error. Can't get record set. SQL1 -> SELECT NM.*, APM.APAR_CODE,APM.APAR_NAME, APM.TAX_ID ,EM.EMP_CODE SALE_CODE,EM.EMP_NAME SALE_NAME ,MR3.KEY_NAME DOCUMENT_SUB_TYPE_NAME ,MR4.KEY_NAME DOCUMENT_RETURN_NAME FROM BILLING_DOC NM LEFT OUTER JOIN APAR_MAS APM ON (NM.APAR_MAS_ID = APM.APAR_MAS_ID ) LEFT OUTER JOIN EMPLOYEE EM ON (NM.SALE_BY = EM.EMP_ID ) LEFT OUTER JOIN MASTER_REF MR3 ON (NM.DOCUMENT_SUB_TYPE = MR3.KEY_ID) WHERE  (NM.DOCUMENT_TYPE = 2) 
AND  (APM.APAR_IND = 1) 
AND  (NM.DOCUMENT_DATE >= '2018-03-31 00:00:00')AND  (NM.DOCUMENT_DATE <= '2018-03-31 23:59:59')AND  (NM.CANCEL_FLAG = 'N')ORDER BY NM.DOCUMENT_NO  DESC  SQL2 -> SELECT COUNT(*) FROM BILLING_DOC NM LEFT OUTER JOIN APAR_MAS APM ON (NM.APAR_MAS_ID = APM.APAR_MAS_ID ) LEFT OUTER JOIN EMPLOYEE EM ON (NM.SALE_BY = EM.EMP_ID ) LEFT OUTER JOIN MASTER_REF MR3 ON (NM.DOCUMENT_SUB_TYPE = MR3.KEY_ID) WHERE  (NM.DOCUMENT_TYPE = 2) 
AND  (APM.APAR_IND = 1) 
AND  (NM.DOCUMENT_DATE >= '2018-03-31 00:00:00')AND  (NM.DOCUMENT_DATE <= '2018-03-31 23:59:59')AND  (NM.CANCEL_FLAG = 'N')> : System error message <Prepare:
SQLCODE=-206:
Dynamic SQL Error
SQL error code = -206
Column unknown
MR4.KEY_NAME
At line 1, column 141
IBCODE=isc_dsql_error
>
2018/04/01 00:46:59  Project name <PorkShop> : Module name <frmBillingDoc1> :Routine name <UnboundReadData> : Local error message <> : System error message <Item cannot be found in the collection corresponding to the requested name or ordinal.>
2018/04/01 00:47:01  Project name <PorkShop> : Module name <frmBillingDoc1> :Routine name <UnboundReadData> : Local error message <> : System error message <Item cannot be found in the collection corresponding to the requested name or ordinal.>
2018/04/01 00:47:01  Project name <PorkShop> : Module name <frmBillingDoc1> :Routine name <UnboundReadData> : Local error message <> : System error message <Item cannot be found in the collection corresponding to the requested name or ordinal.>
2018/04/01 00:51:36  Project name <PorkShop> : Module name <frmBillingDoc1> :Routine name <UnboundReadData> : Local error message <กรุณาเลือกข้อมูลที่ต้องการก่อน> : System error message <Item cannot be found in the collection corresponding to the requested name or ordinal.>
2018/04/01 00:51:37  Project name <PorkShop> : Module name <frmBillingDoc1> :Routine name <UnboundReadData> : Local error message <กรุณาเลือกข้อมูลที่ต้องการก่อน> : System error message <Item cannot be found in the collection corresponding to the requested name or ordinal.>
2018/04/01 00:51:38  Project name <PorkShop> : Module name <frmBillingDoc1> :Routine name <UnboundReadData> : Local error message <กรุณาเลือกข้อมูลที่ต้องการก่อน> : System error message <Item cannot be found in the collection corresponding to the requested name or ordinal.>
2018/04/01 00:52:13  Project name <PorkShop> : Module name <frmBillingDoc1> :Routine name <UnboundReadData> : Local error message <กรุณาเลือกข้อมูลที่ต้องการก่อน> : System error message <Item cannot be found in the collection corresponding to the requested name or ordinal.>
2018/04/01 00:53:20  Project name <PorkShop> : Module name <frmBillingDoc1> :Routine name <UnboundReadData> : Local error message <กรุณาเลือกข้อมูลที่ต้องการก่อน> : System error message <Item cannot be found in the collection corresponding to the requested name or ordinal.>
2018/04/01 02:38:31  Project name <PorkShop> : Module name <clsDatabaseMngr> :Routine name <GetRs> : Local error message <Run time error. Can't get record set. SQL1 -> WHERE  (NM.DOCUMENT_TYPE IN (3))AND  (NM.DOCUMENT_DATE >= '2018-03-01 00:00:00')AND  (NM.DOCUMENT_DATE <= '2018-04-30 23:59:59')AND  (NM.CANCEL_FLAG = 'N') SQL2 -> WHERE  (NM.DOCUMENT_TYPE IN (3))AND  (NM.DOCUMENT_DATE >= '2018-03-01 00:00:00')AND  (NM.DOCUMENT_DATE <= '2018-04-30 23:59:59')AND  (NM.CANCEL_FLAG = 'N')> : System error message <Prepare:
SQLCODE=-104:
Dynamic SQL Error
SQL error code = -104
Token unknown - line 1, column 1
WHERE
IBCODE=isc_dsql_error
>
2018/04/01 02:39:18  Project name <PorkShop> : Module name <clsDatabaseMngr> :Routine name <GetRs> : Local error message <Run time error. Can't get record set. SQL1 -> WHERE  (NM.DOCUMENT_TYPE IN (3))AND  (NM.DOCUMENT_DATE >= '2018-03-01 00:00:00')AND  (NM.DOCUMENT_DATE <= '2018-04-30 23:59:59')AND  (NM.CANCEL_FLAG = 'N') SQL2 -> WHERE  (NM.DOCUMENT_TYPE IN (3))AND  (NM.DOCUMENT_DATE >= '2018-03-01 00:00:00')AND  (NM.DOCUMENT_DATE <= '2018-04-30 23:59:59')AND  (NM.CANCEL_FLAG = 'N')> : System error message <Prepare:
SQLCODE=-104:
Dynamic SQL Error
SQL error code = -104
Token unknown - line 1, column 1
WHERE
IBCODE=isc_dsql_error
>
2018/04/01 02:42:30  Project name <PorkShop> : Module name <clsDatabaseMngr> :Routine name <GetRs> : Local error message <Run time error. Can't get record set. SQL1 -> SELECT  NM.DOCUMENT_NO,NM.VAT_AMOUNT ,NM.CUS_PO ,SUM(DI.TOTAL_PRICE) TOTAL_PRICE,SUM(DI.DISCOUNT_AMOUNT) DISCOUNT_AMOUNT ,SUM(DI.EXTRA_DISCOUNT_AMOUNT) EXT_DISCOUNT_AMOUNT FROM BILLING_DOC NM LEFT OUTER JOIN DOC_ITEM DI ON (NM.BILLING_DOC_ID = DI.BILLING_DOC_ID ) LEFT OUTER JOIN APAR_MAS APM ON (NM.APAR_MAS_ID = APM.APAR_MAS_ID ) WHERE  (NM.DOCUMENT_TYPE IN (3))AND  (NM.DOCUMENT_DATE >= '2018-03-01 00:00:00')AND  (NM.DOCUMENT_DATE <= '2018-04-30 23:59:59')AND  (NM.CANCEL_FLAG = 'N') GROUP BY NM.VAT_AMOUNT,NM.DOCUMENT_NO,,NM.CUS_PO    SQL2 -> SELECT COUNT(*) FROM BILLING_DOC NM LEFT OUTER JOIN DOC_ITEM DI ON (NM.BILLING_DOC_ID = DI.BILLING_DOC_ID ) LEFT OUTER JOIN APAR_MAS APM ON (NM.APAR_MAS_ID = APM.APAR_MAS_ID ) WHERE  (NM.DOCUMENT_TYPE IN (3))AND  (NM.DOCUMENT_DATE >= '2018-03-01 00:00:00')AND  (NM.DOCUMENT_DATE <= '2018-04-30 23:59:59')AND  (NM.CANCEL_FLAG = 'N') GROUP BY NM.VAT_AMOUNT,NM.DOCUMENT_NO,,NM.CUS_PO   > : System error message <Prepare:
SQLCODE=-104:
Dynamic SQL Error
SQL error code = -104
Token unknown - line 1, column 527
,
IBCODE=isc_dsql_error
>
2018/04/01 02:52:50  Project name <PorkShop> : Module name <clsDatabaseMngr> :Routine name <GetRs> : Local error message <Run time error. Can't get record set. SQL1 -> WHERE  (NM.DOCUMENT_TYPE = 3) 
AND  (APM.APAR_IND = 1) 
AND  (NM.DOCUMENT_DATE >= '2018-03-01 00:00:00')AND  (NM.DOCUMENT_DATE <= '2018-04-30 23:59:59')AND  (NM.CANCEL_FLAG = 'N') SQL2 -> WHERE  (NM.DOCUMENT_TYPE = 3) 
AND  (APM.APAR_IND = 1) 
AND  (NM.DOCUMENT_DATE >= '2018-03-01 00:00:00')AND  (NM.DOCUMENT_DATE <= '2018-04-30 23:59:59')AND  (NM.CANCEL_FLAG = 'N')> : System error message <Prepare:
SQLCODE=-104:
Dynamic SQL Error
SQL error code = -104
Token unknown - line 1, column 1
WHERE
IBCODE=isc_dsql_error
>
2018/04/01 03:06:43  Project name <PorkShop> : Module name <clsDatabaseMngr> :Routine name <GetRs> : Local error message <Run time error. Can't get record set. SQL1 -> WHERE  (NM.DOCUMENT_TYPE = 4) 
AND  (APM.APAR_IND = 1) 
AND  (NM.DOCUMENT_DATE >= '2018-03-01 00:00:00')AND  (NM.DOCUMENT_DATE <= '2018-04-30 23:59:59')AND  (NM.CANCEL_FLAG = 'N') SQL2 -> WHERE  (NM.DOCUMENT_TYPE = 4) 
AND  (APM.APAR_IND = 1) 
AND  (NM.DOCUMENT_DATE >= '2018-03-01 00:00:00')AND  (NM.DOCUMENT_DATE <= '2018-04-30 23:59:59')AND  (NM.CANCEL_FLAG = 'N')> : System error message <Prepare:
SQLCODE=-104:
Dynamic SQL Error
SQL error code = -104
Token unknown - line 1, column 1
WHERE
IBCODE=isc_dsql_error
>
2018/04/01 03:11:25  Project name <PorkShop> : Module name <clsDatabaseMngr> :Routine name <GetRs> : Local error message <Run time error. Can't get record set. SQL1 -> WHERE  (APM.APAR_IND = 1) 
AND  (NM.DOCUMENT_TYPE IN (3,4))AND  (NM.DOCUMENT_DATE >= '2018-03-01 00:00:00')AND  (NM.DOCUMENT_DATE <= '2018-04-30 23:59:59')AND  (NM.CANCEL_FLAG = 'N') SQL2 -> WHERE  (APM.APAR_IND = 1) 
AND  (NM.DOCUMENT_TYPE IN (3,4))AND  (NM.DOCUMENT_DATE >= '2018-03-01 00:00:00')AND  (NM.DOCUMENT_DATE <= '2018-04-30 23:59:59')AND  (NM.CANCEL_FLAG = 'N')> : System error message <Prepare:
SQLCODE=-104:
Dynamic SQL Error
SQL error code = -104
Token unknown - line 1, column 1
WHERE
IBCODE=isc_dsql_error
>
2018/04/01 03:21:36  Project name <PorkShop> : Module name <clsDatabaseMngr> :Routine name <GetRs> : Local error message <Run time error. Can't get record set. SQL1 -> WHERE  (NM.DOCUMENT_TYPE IN (3,4,6))AND  (NM.DOCUMENT_DATE >= '2018-01-01 00:00:00')AND  (NM.DOCUMENT_DATE <= '2018-05-31 23:59:59')AND  (NM.CANCEL_FLAG = 'N') SQL2 -> WHERE  (NM.DOCUMENT_TYPE IN (3,4,6))AND  (NM.DOCUMENT_DATE >= '2018-01-01 00:00:00')AND  (NM.DOCUMENT_DATE <= '2018-05-31 23:59:59')AND  (NM.CANCEL_FLAG = 'N')> : System error message <Prepare:
SQLCODE=-104:
Dynamic SQL Error
SQL error code = -104
Token unknown - line 1, column 1
WHERE
IBCODE=isc_dsql_error
>
2018/04/01 03:21:37  Project name <PorkShop> : Module name <clsDatabaseMngr> :Routine name <GetRs> : Local error message <Run time error. Can't get record set. SQL1 -> WHERE  (NM.DOCUMENT_TYPE IN (3,4,6))AND  (NM.DOCUMENT_DATE >= '2018-01-01 00:00:00')AND  (NM.DOCUMENT_DATE <= '2018-05-31 23:59:59')AND  (NM.CANCEL_FLAG = 'N') SQL2 -> WHERE  (NM.DOCUMENT_TYPE IN (3,4,6))AND  (NM.DOCUMENT_DATE >= '2018-01-01 00:00:00')AND  (NM.DOCUMENT_DATE <= '2018-05-31 23:59:59')AND  (NM.CANCEL_FLAG = 'N')> : System error message <Operation is not allowed when the object is closed.>
2018/04/01 03:21:43  Project name <PorkShop> : Module name <clsDatabaseMngr> :Routine name <GetRs> : Local error message <Run time error. Can't get record set. SQL1 -> WHERE  (APM.APAR_IND = 1) 
AND  (NM.DOCUMENT_TYPE IN (3,4,6))AND  (NM.DOCUMENT_DATE >= '2018-01-01 00:00:00')AND  (NM.DOCUMENT_DATE <= '2018-05-31 23:59:59')AND  (NM.CANCEL_FLAG = 'N') SQL2 -> WHERE  (APM.APAR_IND = 1) 
AND  (NM.DOCUMENT_TYPE IN (3,4,6))AND  (NM.DOCUMENT_DATE >= '2018-01-01 00:00:00')AND  (NM.DOCUMENT_DATE <= '2018-05-31 23:59:59')AND  (NM.CANCEL_FLAG = 'N')> : System error message <Prepare:
SQLCODE=-104:
Dynamic SQL Error
SQL error code = -104
Token unknown - line 1, column 1
WHERE
IBCODE=isc_dsql_error
>
2018/04/01 15:42:12  Project name <PorkShop> : Module name <clsDatabaseMngr> :Routine name <GetRs> : Local error message <Run time error. Can't get record set. SQL1 -> WHERE  (NM.APAR_MAS_ID = 2089) 
AND  (APM.APAR_IND = 1) 
AND  (NM.DOCUMENT_TYPE IN (3,6,7,8))AND  (NM.DOCUMENT_DATE >= '2017-04-01 00:00:00')AND  (NM.DOCUMENT_DATE <= '2018-04-01 23:59:59')AND  (NM.CANCEL_FLAG = 'N') ASC  SQL2 -> WHERE  (NM.APAR_MAS_ID = 2089) 
AND  (APM.APAR_IND = 1) 
AND  (NM.DOCUMENT_TYPE IN (3,6,7,8))AND  (NM.DOCUMENT_DATE >= '2017-04-01 00:00:00')AND  (NM.DOCUMENT_DATE <= '2018-04-01 23:59:59')AND  (NM.CANCEL_FLAG = 'N')> : System error message <Prepare:
SQLCODE=-104:
Dynamic SQL Error
SQL error code = -104
Token unknown - line 1, column 1
WHERE
IBCODE=isc_dsql_error
>
2018/04/01 16:37:49  Project name <PorkShop> : Module name <clsDatabaseMngr> :Routine name <GetRs> : Local error message <Run time error. Can't get record set. SQL1 -> WHERE  (NM.APAR_MAS_ID = 2089) 
AND  (NM.DOCUMENT_TYPE = 3) 
AND  (NM.DOCUMENT_DATE >= '2017-04-01 00:00:00')AND  (NM.DOCUMENT_DATE <= '2018-04-01 23:59:59')AND  (NM.CANCEL_FLAG = 'N') DESC  SQL2 -> WHERE  (NM.APAR_MAS_ID = 2089) 
AND  (NM.DOCUMENT_TYPE = 3) 
AND  (NM.DOCUMENT_DATE >= '2017-04-01 00:00:00')AND  (NM.DOCUMENT_DATE <= '2018-04-01 23:59:59')AND  (NM.CANCEL_FLAG = 'N')> : System error message <Prepare:
SQLCODE=-104:
Dynamic SQL Error
SQL error code = -104
Token unknown - line 1, column 1
WHERE
IBCODE=isc_dsql_error
>
2018/04/01 22:27:03  Project name <PorkShop> : Module name <clsDaily> :Routine name <DeleteStockCode> : Local error message <Runtime error.> : System error message <Execute:
SQLCODE=-530:
violation of FOREIGN KEY constraint "DOC_ITEM_PART_ID_FK" on table "DOC_ITEM"
Foreign key references are present for the record
Problematic key value is ("STOCK_CODE_ID" = 1031)
IBCODE=isc_foreign_key
>
2018/04/01 22:29:35  Project name <PorkShop> : Module name <clsDaily> :Routine name <DeleteBillingDoc> : Local error message <ไม่สามารถลบข้อมูลได้เนื่องจากข้อมูลนี้ยังถูกอ้างถึงอยู่จากส่วนอื่น> : System error message <Execute:
SQLCODE=-530:
violation of FOREIGN KEY constraint "BILLS_ID_FK" on table "RCPCNDN_ITEM"
Foreign key references are present for the record
Problematic key value is ("BILLING_DOC_ID" = 1721)
IBCODE=isc_foreign_key
>
2018/04/01 22:30:42  Project name <PorkShop> : Module name <clsDaily> :Routine name <DeleteBillingDoc> : Local error message <ไม่สามารถลบข้อมูลได้เนื่องจากข้อมูลนี้ยังถูกอ้างถึงอยู่จากส่วนอื่น> : System error message <Execute:
SQLCODE=-530:
violation of FOREIGN KEY constraint "DOC_ITEM_PO_ID_FK" on table "DOC_ITEM"
Foreign key references are present for the record
Problematic key value is ("BILLING_DOC_ID" = 1714)
IBCODE=isc_foreign_key
>
2018/04/01 22:30:43  Project name <PorkShop> : Module name <clsDaily> :Routine name <DeleteBillingDoc> : Local error message <ไม่สามารถลบข้อมูลได้เนื่องจากข้อมูลนี้ยังถูกอ้างถึงอยู่จากส่วนอื่น> : System error message <Execute:
SQLCODE=-530:
violation of FOREIGN KEY constraint "DOC_ITEM_PO_ID_FK" on table "DOC_ITEM"
Foreign key references are present for the record
Problematic key value is ("BILLING_DOC_ID" = 1714)
IBCODE=isc_foreign_key
>
2018/05/23 11:38:42  Project name <PorkShop> : Module name <clsDaily> :Routine name <AddEditBillingDoc> : Local error message <Runtime error.> : System error message <Prepare:
SQLCODE=-204:
Dynamic SQL Error
SQL error code = -204
Table unknown
DOC_ITEM_LINK
At line 1, column 27
IBCODE=isc_dsql_error
>
2018/05/23 11:38:43  Project name <PorkShop> : Module name <clsDaily> :Routine name <AddEditBillingDoc> : Local error message <Runtime error.> : System error message <Prepare:
SQLCODE=-204:
Dynamic SQL Error
SQL error code = -204
Table unknown
DOC_ITEM_LINK
At line 1, column 27
IBCODE=isc_dsql_error
>
2018/05/23 11:40:14  Project name <PorkShop> : Module name <clsDaily> :Routine name <AddEditBillingDoc> : Local error message <Runtime error.> : System error message <Prepare:
SQLCODE=-204:
Dynamic SQL Error
SQL error code = -204
Table unknown
DOC_ITEM_LINK
At line 1, column 27
IBCODE=isc_dsql_error
>
2018/05/23 11:40:14  Project name <PorkShop> : Module name <clsDaily> :Routine name <AddEditBillingDoc> : Local error message <Runtime error.> : System error message <Prepare:
SQLCODE=-204:
Dynamic SQL Error
SQL error code = -204
Table unknown
DOC_ITEM_LINK
At line 1, column 27
IBCODE=isc_dsql_error
>
2018/06/05 15:31:43  Project name <PorkShop> : Module name <frmReport> :Routine name <Form_Load> : Local error message <> : System error message <Item cannot be found in the collection corresponding to the requested name or ordinal.>
2018/06/05 15:31:46  Project name <PorkShop> : Module name <frmReport> :Routine name <Form_Load> : Local error message <> : System error message <Item cannot be found in the collection corresponding to the requested name or ordinal.>
2018/06/08 11:58:14  Project name <PorkShop> : Module name <clsDatabaseMngr> :Routine name <GetRs> : Local error message <Run time error. Can't get record set. SQL1 -> SELECT DISTINCT SC.STOCK_NO,SC.STOCK_DESC,SC.UNIT_AMOUNT ,APM.APAR_CODE,APM.APAR_NAME ,MR2.KEY_NAME UNIT_NAME ,MR3.KEY_NAME UNIT_CHANGE_NAME FROM BILLING_DOC NM LEFT OUTER JOIN DOC_ITEM DI ON (NM.BILLING_DOC_ID = DI.BILLING_DOC_ID ) LEFT OUTER JOIN STOCK_CODE SC ON (DI.PART_ITEM_ID = SC.STOCK_CODE_ID) LEFT OUTER JOIN APAR_MAS APM ON (NM.APAR_MAS_ID = APM.APAR_MAS_ID ) LEFT OUTER JOIN MASTER_REF MR2 ON (SC.UNIT_ID = MR2.KEY_ID) LEFT OUTER JOIN MASTER_REF MR3 ON (SC.UNIT_CHANGE_ID = MR3.KEY_ID) WHERE  (SC.STOCK_NO IS NOT NULL ) AND  (APM.APAR_IND = 1) 
AND  (NM.DOCUMENT_TYPE IN (3,4,6))AND  (EM.EMP_CODE >= 'EMP-004')AND  (EM.EMP_CODE <= 'EMP-004')AND  (NM.DOCUMENT_DATE >= '2018-01-01 00:00:00')AND  (NM.DOCUMENT_DATE <= '2018-07-31 23:59:59')AND  (NM.CANCEL_FLAG = 'N')ORDER BY APM.APAR_CODE ASC,SC.STOCK_NO  SQL2 -> SELECT COUNT(*) FROM BILLING_DOC NM LEFT OUTER JOIN DOC_ITEM DI ON (NM.BILLING_DOC_ID = DI.BILLING_DOC_ID ) LEFT OUTER JOIN STOCK_CODE SC ON (DI.PART_ITEM_ID = SC.STOCK_CODE_ID) LEFT OUTER JOIN APAR_MAS APM ON (NM.APAR_MAS_ID = APM.APAR_MAS_ID ) LEFT OUTER JOIN MASTER_REF MR2 ON (SC.UNIT_ID = MR2.KEY_ID) LEFT OUTER JOIN MASTER_REF MR3 ON (SC.UNIT_CHANGE_ID = MR3.KEY_ID) WHERE  (SC.STOCK_NO IS NOT NULL ) AND  (APM.APAR_IND = 1) 
AND  (NM.DOCUMENT_TYPE IN (3,4,6))AND  (EM.EMP_CODE >= 'EMP-004')AND  (EM.EMP_CODE <= 'EMP-004')AND  (NM.DOCUMENT_DATE >= '2018-01-01 00:00:00')AND  (NM.DOCUMENT_DATE <= '2018-07-31 23:59:59')AND  (NM.CANCEL_FLAG = 'N')> : System error message <Prepare:
SQLCODE=-206:
Dynamic SQL Error
SQL error code = -206
Column unknown
EM.EMP_CODE
At line 2, column 44
IBCODE=isc_dsql_error
>
